<?xml version="1.0" encoding="UTF-8" ?>
<testsuite errors="0" skipped="0" tests="1" time="0.265" failures="0" name="org.seasar.cayenne.jpa.metadata.CayenneEntityDescTest">
  <properties>
    <property value="Java(TM) 2 Runtime Environment, Standard Edition" name="java.runtime.name"/>
    <property value="C:\Program Files\Java\jre1.5.0_11\bin" name="sun.boot.library.path"/>
    <property value="1.5.0_11-b03" name="java.vm.version"/>
    <property value="Sun Microsystems Inc." name="java.vm.vendor"/>
    <property value="http://java.sun.com/" name="java.vendor.url"/>
    <property value=";" name="path.separator"/>
    <property value="Java HotSpot(TM) Client VM" name="java.vm.name"/>
    <property value="sun.io" name="file.encoding.pkg"/>
    <property value="JP" name="user.country"/>
    <property value="SUN_STANDARD" name="sun.java.launcher"/>
    <property value="Service Pack 2" name="sun.os.patch.level"/>
    <property value="Java Virtual Machine Specification" name="java.vm.specification.name"/>
    <property value="C:\workspace\s2cayenne-jpa" name="user.dir"/>
    <property value="1.5.0_11-b03" name="java.runtime.version"/>
    <property value="sun.awt.Win32GraphicsEnvironment" name="java.awt.graphicsenv"/>
    <property value="C:\workspace\s2cayenne-jpa" name="basedir"/>
    <property value="C:\Program Files\Java\jre1.5.0_11\lib\endorsed" name="java.endorsed.dirs"/>
    <property value="x86" name="os.arch"/>
    <property value="C:\DOCUME~1\nakamura\LOCALS~1\Temp\" name="java.io.tmpdir"/>
    <property value="
" name="line.separator"/>
    <property value="Sun Microsystems Inc." name="java.vm.specification.vendor"/>
    <property value="" name="user.variant"/>
    <property value="Windows XP" name="os.name"/>
    <property value="MS932" name="sun.jnu.encoding"/>
    <property value="C:\WINDOWS\system32;.;C:\WINDOWS\system32;C:\WINDOWS;C:\Program Files\ThinkPad\Utilities;C:\WINDOWS\system32;C:\WINDOWS;C:\WINDOWS\System32\Wbem;C:\Program Files\Diskeeper Corporation\Diskeeper\;C:\Program Files\ThinkPad\ConnectUtilities;C:\Program Files\Common Files\Lenovo;C:\Program Files\Lenovo\Client Security Solution;C:\Program Files\Microsoft SQL Server\80\Tools\Binn\;C:\Program Files\Microsoft SQL Server\90\DTS\Binn\;C:\Program Files\Microsoft SQL Server\90\Tools\binn\;C:\Program Files\Microsoft SQL Server\90\Tools\Binn\VSShell\Common7\IDE\;C:\Program Files\Microsoft Visual Studio 8\Common7\IDE\PrivateAssemblies\;C:\Program Files\ESTsoft\ALZip\;C:\Program Files\QuickTime\QTSystem\;C:\Program Files\Subversion\bin;C:\Program Files\Java\jdk1.5.0_11\bin;C:\opt\apache-ant-1.7.0\bin;C:\opt\maven-2.0.5\bin;C:\Program Files\Subversion\bin;C:\opt\jadnt158" name="java.library.path"/>
    <property value="Java Platform API Specification" name="java.specification.name"/>
    <property value="49.0" name="java.class.version"/>
    <property value="HotSpot Client Compiler" name="sun.management.compiler"/>
    <property value="5.1" name="os.version"/>
    <property value="C:\Documents and Settings\nakamura" name="user.home"/>
    <property value="Asia/Tokyo" name="user.timezone"/>
    <property value="sun.awt.windows.WPrinterJob" name="java.awt.printerjob"/>
    <property value="MS932" name="file.encoding"/>
    <property value="1.5" name="java.specification.version"/>
    <property value="nakamura" name="user.name"/>
    <property value="C:\Documents and Settings\nakamura\.m2\repository\org\apache\maven\surefire\surefire-api\2.0\surefire-api-2.0.jar;C:\Documents and Settings\nakamura\.m2\repository\org\codehaus\plexus\plexus-utils\1.1\plexus-utils-1.1.jar;C:\Documents and Settings\nakamura\.m2\repository\org\apache\maven\surefire\surefire-booter\2.0\surefire-booter-2.0.jar" name="java.class.path"/>
    <property value="1.0" name="java.vm.specification.version"/>
    <property value="32" name="sun.arch.data.model"/>
    <property value="C:\Program Files\Java\jre1.5.0_11" name="java.home"/>
    <property value="Sun Microsystems Inc." name="java.specification.vendor"/>
    <property value="ja" name="user.language"/>
    <property value="sun.awt.windows.WToolkit" name="awt.toolkit"/>
    <property value="mixed mode, sharing" name="java.vm.info"/>
    <property value="1.5.0_11" name="java.version"/>
    <property value="C:\Program Files\Java\jre1.5.0_11\lib\ext" name="java.ext.dirs"/>
    <property value="C:\Program Files\Java\jre1.5.0_11\lib\rt.jar;C:\Program Files\Java\jre1.5.0_11\lib\i18n.jar;C:\Program Files\Java\jre1.5.0_11\lib\sunrsasign.jar;C:\Program Files\Java\jre1.5.0_11\lib\jsse.jar;C:\Program Files\Java\jre1.5.0_11\lib\jce.jar;C:\Program Files\Java\jre1.5.0_11\lib\charsets.jar;C:\Program Files\Java\jre1.5.0_11\classes" name="sun.boot.class.path"/>
    <property value="Sun Microsystems Inc." name="java.vendor"/>
    <property value="C:\Documents and Settings\nakamura\.m2\repository" name="localRepository"/>
    <property value="\" name="file.separator"/>
    <property value="http://java.sun.com/cgi-bin/bugreport.cgi" name="java.vendor.url.bug"/>
    <property value="little" name="sun.cpu.endian"/>
    <property value="UnicodeLittle" name="sun.io.unicode.encoding"/>
    <property value="windows" name="sun.desktop"/>
    <property value="pentium_pro+mmx pentium_pro pentium+mmx pentium i486 i386 i86" name="sun.cpu.isalist"/>
  </properties>
  <testcase time="2.625" name="testGetConnectionTx"/>
  <testcase time="0.422" name="testEntity"/>
  <testcase time="0.188" name="testNotEntity"/>
  <testcase time="0.266" name="testLookup"/>
  <testcase time="0.39" name="testFind"/>
  <testcase time="0.344" name="testUpdateTx"/>
  <testcase time="0.14" name="testLookup"/>
  <testcase time="0.266" name="testReadPersistenceXmlFile"/>
  <testcase time="0.156" name="testAddPersistenceClass"/>
  <testcase time="0.313" name="testPersistenceClassAutoDetection"/>
  <testcase time="0.25" name="testPersistenceClassAutoDetectionSubPackage"/>
  <testcase time="0.265" name="test"/>
</testsuite>